<?xml version="1.0" encoding="UTF-8"?>
<robot generator="Robot 5.0.1 (Python 3.10.5 on win32)" generated="20220705 09:36:28.191" rpa="false" schemaversion="3">
<suite id="s1" name="T1" source="H:\Robot\Github\t1.robot">
<test id="s1-t1" name="Search_4" line="94">
<kw name="Open Web Browser Google">
<kw name="Open Browser" library="Browser">
<arg>${url}</arg>
<tag>BrowserControl</tag>
<tag>Setter</tag>
<doc>Opens a new browser instance. Use this keyword for quick experiments or debugging sessions.
Use `New Page` directly instead of `Open Browser` for production and automated execution.
See `Browser, Context and Page` for more information about Browser and related concepts.</doc>
<msg timestamp="20220705 09:36:28.994" level="WARN">Open Browser is for quick experimentation and debugging only. Use New Page for production.</msg>
<msg timestamp="20220705 09:36:28.996" level="INFO">{"browser": "chromium", "headless": false, "handleSIGINT": true, "handleSIGTERM": true, "handleSIGHUP": true, "timeout": 30000.0, "devtools": false, "slowMo": 0.0, "tracesDir": "H:\\Robot\\Github\\browser\\traces\\d4d959b1-4c52-46cf-833b-faa318a092df"}</msg>
<msg timestamp="20220705 09:36:29.566" level="INFO">Successfully created browser with options: {"browser":"chromium","headless":false,"handleSIGINT":true,"handleSIGTERM":true,"handleSIGHUP":true,"timeout":30000,"devtools":false,"slowMo":0,"tracesDir":"H:\\Robot\\Github\\browser\\traces\\d4d959b1-4c52-46cf-833b-faa318a092df"}</msg>
<msg timestamp="20220705 09:36:29.567" level="INFO">{"acceptDownloads": true, "ignoreHTTPSErrors": false, "bypassCSP": true, "deviceScaleFactor": 1.0, "isMobile": false, "hasTouch": false, "javaScriptEnabled": true, "offline": false, "hideRfBrowser": false, "reducedMotion": "no-preference", "forcedColors": "none"}</msg>
<msg timestamp="20220705 09:36:29.597" level="INFO">Successfully created context. </msg>
<msg timestamp="20220705 09:36:29.597" level="INFO">{'acceptDownloads': True, 'ignoreHTTPSErrors': False, 'bypassCSP': True, 'deviceScaleFactor': 1, 'isMobile': False, 'hasTouch': False, 'javaScriptEnabled': True, 'offline': False, 'hideRfBrowser': False, 'reducedMotion': 'no-preference', 'forcedColors': 'none'}</msg>
<msg timestamp="20220705 09:36:31.103" level="INFO">Successfully initialized new page object and opened url: https://www.google.com/</msg>
<status status="PASS" starttime="20220705 09:36:28.994" endtime="20220705 09:36:31.103"/>
</kw>
<status status="PASS" starttime="20220705 09:36:28.994" endtime="20220705 09:36:31.104"/>
</kw>
<kw name="Input text Robot Framwork on Search Box">
<kw name="Fill Text" library="Browser">
<arg>${SearchBox}</arg>
<arg>${searchtext}</arg>
<tag>PageContent</tag>
<tag>Setter</tag>
<doc>Clears and fills the given ``txt`` into the text field found by ``selector``.</doc>
<msg timestamp="20220705 09:36:31.105" level="INFO">Fills the text 'Robot Framework' in the given field.</msg>
<status status="PASS" starttime="20220705 09:36:31.105" endtime="20220705 09:36:31.175"/>
</kw>
<status status="PASS" starttime="20220705 09:36:31.104" endtime="20220705 09:36:31.175"/>
</kw>
<kw name="Click to Search Robotframework">
<kw name="Click" library="Browser">
<arg>${SearchButton}</arg>
<tag>PageContent</tag>
<tag>Setter</tag>
<doc>Simulates mouse click on the element found by ``selector``.</doc>
<status status="PASS" starttime="20220705 09:36:31.176" endtime="20220705 09:36:31.389"/>
</kw>
<kw name="Sleep" library="BuiltIn">
<arg>3s</arg>
<doc>Pauses the test executed for the given time.</doc>
<msg timestamp="20220705 09:36:34.396" level="INFO">Slept 3 seconds</msg>
<status status="PASS" starttime="20220705 09:36:31.389" endtime="20220705 09:36:34.396"/>
</kw>
<status status="PASS" starttime="20220705 09:36:31.176" endtime="20220705 09:36:34.396"/>
</kw>
<kw name="Verify Search Success">
<kw name="Get Text" library="Browser">
<var>${text}</var>
<arg>${searchsuccess}</arg>
<tag>Assertion</tag>
<tag>Getter</tag>
<tag>PageContent</tag>
<doc>Returns text attribute of the element found by ``selector``.</doc>
<msg timestamp="20220705 09:36:34.446" level="INFO">${text} = Robot Framework</msg>
<status status="PASS" starttime="20220705 09:36:34.397" endtime="20220705 09:36:34.446"/>
</kw>
<kw name="Log To Console" library="BuiltIn">
<arg>${text}</arg>
<doc>Logs the given message to the console.</doc>
<status status="PASS" starttime="20220705 09:36:34.446" endtime="20220705 09:36:34.446"/>
</kw>
<kw name="Should Be Equal" library="BuiltIn">
<arg>${text}</arg>
<arg>${searchtext}</arg>
<doc>Fails if the given objects are unequal.</doc>
<status status="PASS" starttime="20220705 09:36:34.446" endtime="20220705 09:36:34.447"/>
</kw>
<status status="PASS" starttime="20220705 09:36:34.397" endtime="20220705 09:36:34.447"/>
</kw>
<kw name="Go Back" library="Browser">
<tag>BrowserControl</tag>
<tag>Setter</tag>
<doc>Navigates to the previous page in history.</doc>
<msg timestamp="20220705 09:36:34.490" level="INFO">Did Go Back</msg>
<status status="PASS" starttime="20220705 09:36:34.447" endtime="20220705 09:36:34.490"/>
</kw>
<kw name="Input text Robot Framwork Thai language">
<kw name="Fill Text" library="Browser">
<arg>${SearchBox}</arg>
<arg>โรบอท เฟรมเวิร์ค</arg>
<tag>PageContent</tag>
<tag>Setter</tag>
<doc>Clears and fills the given ``txt`` into the text field found by ``selector``.</doc>
<msg timestamp="20220705 09:36:34.517" level="INFO">Fills the text 'โรบอท เฟรมเวิร์ค' in the given field.</msg>
<status status="PASS" starttime="20220705 09:36:34.517" endtime="20220705 09:36:34.601"/>
</kw>
<status status="PASS" starttime="20220705 09:36:34.516" endtime="20220705 09:36:34.601"/>
</kw>
<kw name="Click to Search Robotframework">
<kw name="Click" library="Browser">
<arg>${SearchButton}</arg>
<tag>PageContent</tag>
<tag>Setter</tag>
<doc>Simulates mouse click on the element found by ``selector``.</doc>
<status status="PASS" starttime="20220705 09:36:34.602" endtime="20220705 09:36:34.807"/>
</kw>
<kw name="Sleep" library="BuiltIn">
<arg>3s</arg>
<doc>Pauses the test executed for the given time.</doc>
<msg timestamp="20220705 09:36:37.814" level="INFO">Slept 3 seconds</msg>
<status status="PASS" starttime="20220705 09:36:34.808" endtime="20220705 09:36:37.814"/>
</kw>
<status status="PASS" starttime="20220705 09:36:34.602" endtime="20220705 09:36:37.814"/>
</kw>
<kw name="Verify Search Success">
<kw name="Get Text" library="Browser">
<var>${text}</var>
<arg>${searchsuccess}</arg>
<tag>Assertion</tag>
<tag>Getter</tag>
<tag>PageContent</tag>
<doc>Returns text attribute of the element found by ``selector``.</doc>
<msg timestamp="20220705 09:36:37.858" level="INFO">${text} = Robot Framework</msg>
<status status="PASS" starttime="20220705 09:36:37.815" endtime="20220705 09:36:37.858"/>
</kw>
<kw name="Log To Console" library="BuiltIn">
<arg>${text}</arg>
<doc>Logs the given message to the console.</doc>
<status status="PASS" starttime="20220705 09:36:37.858" endtime="20220705 09:36:37.859"/>
</kw>
<kw name="Should Be Equal" library="BuiltIn">
<arg>${text}</arg>
<arg>${searchtext}</arg>
<doc>Fails if the given objects are unequal.</doc>
<status status="PASS" starttime="20220705 09:36:37.859" endtime="20220705 09:36:37.859"/>
</kw>
<status status="PASS" starttime="20220705 09:36:37.814" endtime="20220705 09:36:37.859"/>
</kw>
<kw name="Sleep" library="BuiltIn">
<arg>15s</arg>
<doc>Pauses the test executed for the given time.</doc>
<msg timestamp="20220705 09:36:52.876" level="INFO">Slept 15 seconds</msg>
<status status="PASS" starttime="20220705 09:36:37.860" endtime="20220705 09:36:52.876"/>
</kw>
<status status="PASS" starttime="20220705 09:36:28.990" endtime="20220705 09:36:52.877"/>
</test>
<status status="PASS" starttime="20220705 09:36:28.194" endtime="20220705 09:36:52.991"/>
</suite>
<statistics>
<total>
<stat pass="1" fail="0" skip="0">All Tests</stat>
</total>
<tag>
</tag>
<suite>
<stat pass="1" fail="0" skip="0" id="s1" name="T1">T1</stat>
</suite>
</statistics>
<errors>
<msg timestamp="20220705 09:36:28.994" level="WARN">Open Browser is for quick experimentation and debugging only. Use New Page for production.</msg>
</errors>
</robot>
