<?xml version="1.0" encoding="UTF-8"?>
<robot generator="Robot 5.0.1 (Python 3.10.5 on win32)" generated="20220705 11:55:28.202" rpa="false" schemaversion="3">
<suite id="s1" name="T1" source="H:\Robot\Github\t1.robot">
<test id="s1-t1" name="Search_6_Search_Titanic_in_Google" line="106">
<kw name="Open Web Browser Google">
<kw name="Open Browser" library="Browser">
<arg>${url}</arg>
<tag>BrowserControl</tag>
<tag>Setter</tag>
<doc>Opens a new browser instance. Use this keyword for quick experiments or debugging sessions.
Use `New Page` directly instead of `Open Browser` for production and automated execution.
See `Browser, Context and Page` for more information about Browser and related concepts.</doc>
<msg timestamp="20220705 11:55:29.017" level="WARN">Open Browser is for quick experimentation and debugging only. Use New Page for production.</msg>
<msg timestamp="20220705 11:55:29.019" level="INFO">{"browser": "chromium", "headless": false, "handleSIGINT": true, "handleSIGTERM": true, "handleSIGHUP": true, "timeout": 30000.0, "devtools": false, "slowMo": 0.0, "tracesDir": "H:\\Robot\\Github\\browser\\traces\\e72941e6-faf9-4554-a63d-73074d4d8605"}</msg>
<msg timestamp="20220705 11:55:29.696" level="INFO">Successfully created browser with options: {"browser":"chromium","headless":false,"handleSIGINT":true,"handleSIGTERM":true,"handleSIGHUP":true,"timeout":30000,"devtools":false,"slowMo":0,"tracesDir":"H:\\Robot\\Github\\browser\\traces\\e72941e6-faf9-4554-a63d-73074d4d8605"}</msg>
<msg timestamp="20220705 11:55:29.697" level="INFO">{"acceptDownloads": true, "ignoreHTTPSErrors": false, "bypassCSP": true, "deviceScaleFactor": 1.0, "isMobile": false, "hasTouch": false, "javaScriptEnabled": true, "offline": false, "hideRfBrowser": false, "reducedMotion": "no-preference", "forcedColors": "none"}</msg>
<msg timestamp="20220705 11:55:29.722" level="INFO">Successfully created context. </msg>
<msg timestamp="20220705 11:55:29.722" level="INFO">{'acceptDownloads': True, 'ignoreHTTPSErrors': False, 'bypassCSP': True, 'deviceScaleFactor': 1, 'isMobile': False, 'hasTouch': False, 'javaScriptEnabled': True, 'offline': False, 'hideRfBrowser': False, 'reducedMotion': 'no-preference', 'forcedColors': 'none'}</msg>
<msg timestamp="20220705 11:55:31.270" level="INFO">Successfully initialized new page object and opened url: https://www.google.com/</msg>
<status status="PASS" starttime="20220705 11:55:29.017" endtime="20220705 11:55:31.270"/>
</kw>
<status status="PASS" starttime="20220705 11:55:29.016" endtime="20220705 11:55:31.270"/>
</kw>
<kw name="Input text">
<arg>Titanic</arg>
<kw name="Fill Text" library="Browser">
<arg>${SearchBox}</arg>
<arg>${sometext}</arg>
<tag>PageContent</tag>
<tag>Setter</tag>
<doc>Clears and fills the given ``txt`` into the text field found by ``selector``.</doc>
<msg timestamp="20220705 11:55:31.272" level="INFO">Fills the text 'Titanic' in the given field.</msg>
<status status="PASS" starttime="20220705 11:55:31.271" endtime="20220705 11:55:31.337"/>
</kw>
<status status="PASS" starttime="20220705 11:55:31.271" endtime="20220705 11:55:31.338"/>
</kw>
<kw name="Click to Search">
<kw name="Click" library="Browser">
<arg>${SearchButton}</arg>
<tag>PageContent</tag>
<tag>Setter</tag>
<doc>Simulates mouse click on the element found by ``selector``.</doc>
<status status="PASS" starttime="20220705 11:55:31.338" endtime="20220705 11:55:31.531"/>
</kw>
<kw name="Sleep" library="BuiltIn">
<arg>3s</arg>
<doc>Pauses the test executed for the given time.</doc>
<msg timestamp="20220705 11:55:34.538" level="INFO">Slept 3 seconds</msg>
<status status="PASS" starttime="20220705 11:55:31.532" endtime="20220705 11:55:34.538"/>
</kw>
<status status="PASS" starttime="20220705 11:55:31.338" endtime="20220705 11:55:34.538"/>
</kw>
<kw name="Verify Search Success">
<arg>${titanic}</arg>
<arg>ไททานิค</arg>
<kw name="Get Text" library="Browser">
<var>${text}</var>
<arg>${textsuccess}</arg>
<tag>Assertion</tag>
<tag>Getter</tag>
<tag>PageContent</tag>
<doc>Returns text attribute of the element found by ``selector``.</doc>
<msg timestamp="20220705 11:55:34.577" level="INFO">${text} = ไททานิค</msg>
<status status="PASS" starttime="20220705 11:55:34.539" endtime="20220705 11:55:34.577"/>
</kw>
<kw name="Log To Console" library="BuiltIn">
<arg>${text}</arg>
<doc>Logs the given message to the console.</doc>
<status status="PASS" starttime="20220705 11:55:34.577" endtime="20220705 11:55:34.578"/>
</kw>
<kw name="Should Be Equal" library="BuiltIn">
<arg>${text}</arg>
<arg>${sometext}</arg>
<doc>Fails if the given objects are unequal.</doc>
<status status="PASS" starttime="20220705 11:55:34.578" endtime="20220705 11:55:34.579"/>
</kw>
<status status="PASS" starttime="20220705 11:55:34.539" endtime="20220705 11:55:34.579"/>
</kw>
<status status="PASS" starttime="20220705 11:55:29.013" endtime="20220705 11:55:34.579"/>
</test>
<status status="PASS" starttime="20220705 11:55:28.204" endtime="20220705 11:55:34.691"/>
</suite>
<statistics>
<total>
<stat pass="1" fail="0" skip="0">All Tests</stat>
</total>
<tag>
</tag>
<suite>
<stat pass="1" fail="0" skip="0" id="s1" name="T1">T1</stat>
</suite>
</statistics>
<errors>
<msg timestamp="20220705 11:55:29.017" level="WARN">Open Browser is for quick experimentation and debugging only. Use New Page for production.</msg>
</errors>
</robot>
